<?xml version="1.0" encoding="UTF-8"?>
<!-- Generated by org.testng.reporters.JUnitXMLReporter -->
<testsuite ignored="1" hostname="LAPTOP-9D9SC1JO" failures="0" tests="1" name="Default test" time="2.299" errors="0" timestamp="2025-06-15T13:08:32 IST">
  <testcase classname="pri.api.Test.DifferentWaysOfCreatePostRequestBody" name="PostbyExternalJson" time="2.24"/>
  <testcase classname="pri.api.Test.DifferentWaysOfCreatePostRequestBody" name="jsonlibrary" time="0.0">
    <ignored/>
  </testcase> <!-- jsonlibrary -->
</testsuite> <!-- Default test -->
